<?xml version="1.0" encoding="UTF-8"?>
<testsuite name="com.example.project.TipCalculatorTest" tests="3" skipped="0" failures="0" errors="0" timestamp="2024-09-20T15:32:56" hostname="codespaces-11d6d9" time="0.045">
  <properties/>
  <testcase name="testCalculateTip2()" classname="com.example.project.TipCalculatorTest" time="0.039"/>
  <testcase name="testCalculateTip3()" classname="com.example.project.TipCalculatorTest" time="0.002"/>
  <testcase name="testCalculateTip()" classname="com.example.project.TipCalculatorTest" time="0.002"/>
  <system-out><![CDATA[]]></system-out>
  <system-err><![CDATA[]]></system-err>
</testsuite>
